<?xml version="1.0" encoding="UTF-8"?>
<testng-results skipped="0" failed="2" ignored="0" total="8" passed="6">
  <reporter-output>
  </reporter-output>
  <suite name="Overall Tests - Prospects Page" duration-ms="173121" started-at="2019-09-11T20:53:53Z" finished-at="2019-09-11T20:56:46Z">
    <groups>
    </groups>
    <test name="Tests on Chrome browser" duration-ms="64912" started-at="2019-09-11T20:53:53Z" finished-at="2019-09-11T20:54:58Z">
      <class name="com.hippo.tests.ProspectTests">
        <test-method status="PASS" signature="beforeTest(java.lang.String)[pri:0, instance:com.hippo.tests.ProspectTests@6f7fd0e6]" name="beforeTest" is-config="true" duration-ms="32505" started-at="2019-09-11T20:53:53Z" finished-at="2019-09-11T20:54:25Z">
          <params>
            <param index="0">
              <value>
                <![CDATA[chrome]]>
              </value>
            </param>
          </params>
          <reporter-output>
          </reporter-output>
        </test-method> <!-- beforeTest -->
        <test-method status="PASS" signature="beforeClass()[pri:0, instance:com.hippo.tests.ProspectTests@6f7fd0e6]" name="beforeClass" is-config="true" duration-ms="13277" started-at="2019-09-11T20:54:25Z" finished-at="2019-09-11T20:54:39Z">
          <reporter-output>
          </reporter-output>
        </test-method> <!-- beforeClass -->
        <test-method status="PASS" signature="beforeEachTestMethod(org.testng.ITestResult)[pri:0, instance:com.hippo.tests.ProspectTests@6f7fd0e6]" name="beforeEachTestMethod" is-config="true" duration-ms="1660" started-at="2019-09-11T20:54:39Z" finished-at="2019-09-11T20:54:40Z">
          <params>
            <param index="0">
              <value>
                <![CDATA[[TestResult name=testAddProspect status=SUCCESS method=ProspectTests.testAddProspect()[pri:0, instance:com.hippo.tests.ProspectTests@6f7fd0e6] output={null}]]]>
              </value>
            </param>
          </params>
          <reporter-output>
          </reporter-output>
        </test-method> <!-- beforeEachTestMethod -->
        <test-method status="PASS" signature="testAddProspect()[pri:0, instance:com.hippo.tests.ProspectTests@6f7fd0e6]" name="testAddProspect" duration-ms="1583" started-at="2019-09-11T20:54:40Z" finished-at="2019-09-11T20:54:42Z">
          <reporter-output>
          </reporter-output>
        </test-method> <!-- testAddProspect -->
        <test-method status="PASS" signature="testMethodCleanup()[pri:0, instance:com.hippo.tests.ProspectTests@6f7fd0e6]" name="testMethodCleanup" is-config="true" duration-ms="0" started-at="2019-09-11T20:54:42Z" finished-at="2019-09-11T20:54:42Z">
          <reporter-output>
          </reporter-output>
        </test-method> <!-- testMethodCleanup -->
        <test-method status="PASS" signature="beforeEachTestMethod(org.testng.ITestResult)[pri:0, instance:com.hippo.tests.ProspectTests@6f7fd0e6]" name="beforeEachTestMethod" is-config="true" duration-ms="1608" started-at="2019-09-11T20:54:42Z" finished-at="2019-09-11T20:54:43Z">
          <params>
            <param index="0">
              <value>
                <![CDATA[[TestResult name=testAddProspectAndVerifyTheAvailability status=SUCCESS method=ProspectTests.testAddProspectAndVerifyTheAvailability()[pri:0, instance:com.hippo.tests.ProspectTests@6f7fd0e6] output={null}]]]>
              </value>
            </param>
          </params>
          <reporter-output>
          </reporter-output>
        </test-method> <!-- beforeEachTestMethod -->
        <test-method status="PASS" signature="testAddProspectAndVerifyTheAvailability()[pri:0, instance:com.hippo.tests.ProspectTests@6f7fd0e6]" name="testAddProspectAndVerifyTheAvailability" duration-ms="1784" started-at="2019-09-11T20:54:43Z" finished-at="2019-09-11T20:54:45Z">
          <reporter-output>
          </reporter-output>
        </test-method> <!-- testAddProspectAndVerifyTheAvailability -->
        <test-method status="PASS" signature="testMethodCleanup()[pri:0, instance:com.hippo.tests.ProspectTests@6f7fd0e6]" name="testMethodCleanup" is-config="true" duration-ms="1" started-at="2019-09-11T20:54:45Z" finished-at="2019-09-11T20:54:45Z">
          <reporter-output>
          </reporter-output>
        </test-method> <!-- testMethodCleanup -->
        <test-method status="PASS" signature="beforeEachTestMethod(org.testng.ITestResult)[pri:0, instance:com.hippo.tests.ProspectTests@6f7fd0e6]" name="beforeEachTestMethod" is-config="true" duration-ms="1655" started-at="2019-09-11T20:54:45Z" finished-at="2019-09-11T20:54:47Z">
          <params>
            <param index="0">
              <value>
                <![CDATA[[TestResult name=testRemoveProspect status=SUCCESS method=ProspectTests.testRemoveProspect()[pri:0, instance:com.hippo.tests.ProspectTests@6f7fd0e6] output={null}]]]>
              </value>
            </param>
          </params>
          <reporter-output>
          </reporter-output>
        </test-method> <!-- beforeEachTestMethod -->
        <test-method status="PASS" signature="testRemoveProspect()[pri:0, instance:com.hippo.tests.ProspectTests@6f7fd0e6]" name="testRemoveProspect" duration-ms="2101" started-at="2019-09-11T20:54:47Z" finished-at="2019-09-11T20:54:49Z">
          <reporter-output>
          </reporter-output>
        </test-method> <!-- testRemoveProspect -->
        <test-method status="PASS" signature="testMethodCleanup()[pri:0, instance:com.hippo.tests.ProspectTests@6f7fd0e6]" name="testMethodCleanup" is-config="true" duration-ms="0" started-at="2019-09-11T20:54:49Z" finished-at="2019-09-11T20:54:49Z">
          <reporter-output>
          </reporter-output>
        </test-method> <!-- testMethodCleanup -->
        <test-method status="PASS" signature="beforeEachTestMethod(org.testng.ITestResult)[pri:0, instance:com.hippo.tests.ProspectTests@6f7fd0e6]" name="beforeEachTestMethod" is-config="true" duration-ms="1673" started-at="2019-09-11T20:54:49Z" finished-at="2019-09-11T20:54:51Z">
          <params>
            <param index="0">
              <value>
                <![CDATA[[TestResult name=testRemoveProspectAndVerifyTheAvailability status=FAILURE method=ProspectTests.testRemoveProspectAndVerifyTheAvailability()[pri:0, instance:com.hippo.tests.ProspectTests@6f7fd0e6] output={null}]]]>
              </value>
            </param>
          </params>
          <reporter-output>
          </reporter-output>
        </test-method> <!-- beforeEachTestMethod -->
        <test-method status="FAIL" signature="testRemoveProspectAndVerifyTheAvailability()[pri:0, instance:com.hippo.tests.ProspectTests@6f7fd0e6]" name="testRemoveProspectAndVerifyTheAvailability" duration-ms="1988" started-at="2019-09-11T20:54:51Z" finished-at="2019-09-11T20:54:53Z">
          <exception class="java.lang.AssertionError">
            <message>
              <![CDATA[expected [false] but found [true]]]>
            </message>
            <full-stacktrace>
              <![CDATA[java.lang.AssertionError: expected [false] but found [true]
at org.testng.Assert.fail(Assert.java:96)
at org.testng.Assert.failNotEquals(Assert.java:776)
at org.testng.Assert.assertFalse(Assert.java:65)
at org.testng.Assert.assertFalse(Assert.java:75)
at com.hippo.helpers.AssertionHelperClass.assertFalse(AssertionHelperClass.java:42)
at com.hippo.tests.ProspectTests.testRemoveProspectAndVerifyTheAvailability(ProspectTests.java:64)
at sun.reflect.NativeMethodAccessorImpl.invoke0(Native Method)
at sun.reflect.NativeMethodAccessorImpl.invoke(NativeMethodAccessorImpl.java:62)
at sun.reflect.DelegatingMethodAccessorImpl.invoke(DelegatingMethodAccessorImpl.java:43)
at java.lang.reflect.Method.invoke(Method.java:498)
at org.testng.internal.MethodInvocationHelper.invokeMethod(MethodInvocationHelper.java:124)
at org.testng.internal.Invoker.invokeMethod(Invoker.java:583)
at org.testng.internal.Invoker.invokeTestMethod(Invoker.java:719)
at org.testng.internal.Invoker.invokeTestMethods(Invoker.java:989)
at org.testng.internal.TestMethodWorker.invokeTestMethods(TestMethodWorker.java:125)
at org.testng.internal.TestMethodWorker.run(TestMethodWorker.java:109)
at org.testng.TestRunner.privateRun(TestRunner.java:648)
at org.testng.TestRunner.run(TestRunner.java:505)
at org.testng.SuiteRunner.runTest(SuiteRunner.java:455)
at org.testng.SuiteRunner.runSequentially(SuiteRunner.java:450)
at org.testng.SuiteRunner.privateRun(SuiteRunner.java:415)
at org.testng.SuiteRunner.run(SuiteRunner.java:364)
at org.testng.SuiteRunnerWorker.runSuite(SuiteRunnerWorker.java:52)
at org.testng.SuiteRunnerWorker.run(SuiteRunnerWorker.java:84)
at org.testng.TestNG.runSuitesSequentially(TestNG.java:1208)
at org.testng.TestNG.runSuitesLocally(TestNG.java:1137)
at org.testng.TestNG.runSuites(TestNG.java:1049)
at org.testng.TestNG.run(TestNG.java:1017)
at org.testng.remote.AbstractRemoteTestNG.run(AbstractRemoteTestNG.java:115)
at org.testng.remote.RemoteTestNG.initAndRun(RemoteTestNG.java:251)
at org.testng.remote.RemoteTestNG.main(RemoteTestNG.java:77)
]]>
            </full-stacktrace>
          </exception> <!-- java.lang.AssertionError -->
          <reporter-output>
          </reporter-output>
        </test-method> <!-- testRemoveProspectAndVerifyTheAvailability -->
        <test-method status="PASS" signature="testMethodCleanup()[pri:0, instance:com.hippo.tests.ProspectTests@6f7fd0e6]" name="testMethodCleanup" is-config="true" duration-ms="0" started-at="2019-09-11T20:54:53Z" finished-at="2019-09-11T20:54:53Z">
          <reporter-output>
          </reporter-output>
        </test-method> <!-- testMethodCleanup -->
        <test-method status="PASS" signature="classCleanup()[pri:0, instance:com.hippo.tests.ProspectTests@6f7fd0e6]" name="classCleanup" is-config="true" duration-ms="4311" started-at="2019-09-11T20:54:53Z" finished-at="2019-09-11T20:54:57Z">
          <reporter-output>
          </reporter-output>
        </test-method> <!-- classCleanup -->
        <test-method status="PASS" signature="testCleanup()[pri:0, instance:com.hippo.tests.ProspectTests@6f7fd0e6]" name="testCleanup" is-config="true" duration-ms="741" started-at="2019-09-11T20:54:57Z" finished-at="2019-09-11T20:54:58Z">
          <reporter-output>
          </reporter-output>
        </test-method> <!-- testCleanup -->
      </class> <!-- com.hippo.tests.ProspectTests -->
    </test> <!-- Tests on Chrome browser -->
    <test name="Tests on Firefox browser" duration-ms="78190" started-at="2019-09-11T20:55:28Z" finished-at="2019-09-11T20:56:46Z">
      <class name="com.hippo.tests.ProspectTests">
        <test-method status="PASS" signature="beforeTest(java.lang.String)[pri:0, instance:com.hippo.tests.ProspectTests@239963d8]" name="beforeTest" is-config="true" duration-ms="33380" started-at="2019-09-11T20:55:28Z" finished-at="2019-09-11T20:56:01Z">
          <params>
            <param index="0">
              <value>
                <![CDATA[firefox]]>
              </value>
            </param>
          </params>
          <reporter-output>
          </reporter-output>
        </test-method> <!-- beforeTest -->
        <test-method status="PASS" signature="beforeClass()[pri:0, instance:com.hippo.tests.ProspectTests@239963d8]" name="beforeClass" is-config="true" duration-ms="14957" started-at="2019-09-11T20:56:01Z" finished-at="2019-09-11T20:56:16Z">
          <reporter-output>
          </reporter-output>
        </test-method> <!-- beforeClass -->
        <test-method status="PASS" signature="beforeEachTestMethod(org.testng.ITestResult)[pri:0, instance:com.hippo.tests.ProspectTests@239963d8]" name="beforeEachTestMethod" is-config="true" duration-ms="1902" started-at="2019-09-11T20:56:16Z" finished-at="2019-09-11T20:56:18Z">
          <params>
            <param index="0">
              <value>
                <![CDATA[[TestResult name=testAddProspect status=SUCCESS method=ProspectTests.testAddProspect()[pri:0, instance:com.hippo.tests.ProspectTests@239963d8] output={null}]]]>
              </value>
            </param>
          </params>
          <reporter-output>
          </reporter-output>
        </test-method> <!-- beforeEachTestMethod -->
        <test-method status="PASS" signature="testAddProspect()[pri:0, instance:com.hippo.tests.ProspectTests@239963d8]" name="testAddProspect" duration-ms="2219" started-at="2019-09-11T20:56:18Z" finished-at="2019-09-11T20:56:20Z">
          <reporter-output>
          </reporter-output>
        </test-method> <!-- testAddProspect -->
        <test-method status="PASS" signature="testMethodCleanup()[pri:0, instance:com.hippo.tests.ProspectTests@239963d8]" name="testMethodCleanup" is-config="true" duration-ms="1" started-at="2019-09-11T20:56:20Z" finished-at="2019-09-11T20:56:20Z">
          <reporter-output>
          </reporter-output>
        </test-method> <!-- testMethodCleanup -->
        <test-method status="PASS" signature="beforeEachTestMethod(org.testng.ITestResult)[pri:0, instance:com.hippo.tests.ProspectTests@239963d8]" name="beforeEachTestMethod" is-config="true" duration-ms="1702" started-at="2019-09-11T20:56:20Z" finished-at="2019-09-11T20:56:22Z">
          <params>
            <param index="0">
              <value>
                <![CDATA[[TestResult name=testAddProspectAndVerifyTheAvailability status=SUCCESS method=ProspectTests.testAddProspectAndVerifyTheAvailability()[pri:0, instance:com.hippo.tests.ProspectTests@239963d8] output={null}]]]>
              </value>
            </param>
          </params>
          <reporter-output>
          </reporter-output>
        </test-method> <!-- beforeEachTestMethod -->
        <test-method status="PASS" signature="testAddProspectAndVerifyTheAvailability()[pri:0, instance:com.hippo.tests.ProspectTests@239963d8]" name="testAddProspectAndVerifyTheAvailability" duration-ms="2172" started-at="2019-09-11T20:56:22Z" finished-at="2019-09-11T20:56:24Z">
          <reporter-output>
          </reporter-output>
        </test-method> <!-- testAddProspectAndVerifyTheAvailability -->
        <test-method status="PASS" signature="testMethodCleanup()[pri:0, instance:com.hippo.tests.ProspectTests@239963d8]" name="testMethodCleanup" is-config="true" duration-ms="1" started-at="2019-09-11T20:56:24Z" finished-at="2019-09-11T20:56:24Z">
          <reporter-output>
          </reporter-output>
        </test-method> <!-- testMethodCleanup -->
        <test-method status="PASS" signature="beforeEachTestMethod(org.testng.ITestResult)[pri:0, instance:com.hippo.tests.ProspectTests@239963d8]" name="beforeEachTestMethod" is-config="true" duration-ms="1879" started-at="2019-09-11T20:56:24Z" finished-at="2019-09-11T20:56:26Z">
          <params>
            <param index="0">
              <value>
                <![CDATA[[TestResult name=testRemoveProspect status=SUCCESS method=ProspectTests.testRemoveProspect()[pri:0, instance:com.hippo.tests.ProspectTests@239963d8] output={null}]]]>
              </value>
            </param>
          </params>
          <reporter-output>
          </reporter-output>
        </test-method> <!-- beforeEachTestMethod -->
        <test-method status="PASS" signature="testRemoveProspect()[pri:0, instance:com.hippo.tests.ProspectTests@239963d8]" name="testRemoveProspect" duration-ms="2970" started-at="2019-09-11T20:56:26Z" finished-at="2019-09-11T20:56:29Z">
          <reporter-output>
          </reporter-output>
        </test-method> <!-- testRemoveProspect -->
        <test-method status="PASS" signature="testMethodCleanup()[pri:0, instance:com.hippo.tests.ProspectTests@239963d8]" name="testMethodCleanup" is-config="true" duration-ms="0" started-at="2019-09-11T20:56:29Z" finished-at="2019-09-11T20:56:29Z">
          <reporter-output>
          </reporter-output>
        </test-method> <!-- testMethodCleanup -->
        <test-method status="PASS" signature="beforeEachTestMethod(org.testng.ITestResult)[pri:0, instance:com.hippo.tests.ProspectTests@239963d8]" name="beforeEachTestMethod" is-config="true" duration-ms="1515" started-at="2019-09-11T20:56:29Z" finished-at="2019-09-11T20:56:30Z">
          <params>
            <param index="0">
              <value>
                <![CDATA[[TestResult name=testRemoveProspectAndVerifyTheAvailability status=FAILURE method=ProspectTests.testRemoveProspectAndVerifyTheAvailability()[pri:0, instance:com.hippo.tests.ProspectTests@239963d8] output={null}]]]>
              </value>
            </param>
          </params>
          <reporter-output>
          </reporter-output>
        </test-method> <!-- beforeEachTestMethod -->
        <test-method status="FAIL" signature="testRemoveProspectAndVerifyTheAvailability()[pri:0, instance:com.hippo.tests.ProspectTests@239963d8]" name="testRemoveProspectAndVerifyTheAvailability" duration-ms="3070" started-at="2019-09-11T20:56:30Z" finished-at="2019-09-11T20:56:33Z">
          <exception class="java.lang.AssertionError">
            <message>
              <![CDATA[expected [false] but found [true]]]>
            </message>
            <full-stacktrace>
              <![CDATA[java.lang.AssertionError: expected [false] but found [true]
at org.testng.Assert.fail(Assert.java:96)
at org.testng.Assert.failNotEquals(Assert.java:776)
at org.testng.Assert.assertFalse(Assert.java:65)
at org.testng.Assert.assertFalse(Assert.java:75)
at com.hippo.helpers.AssertionHelperClass.assertFalse(AssertionHelperClass.java:42)
at com.hippo.tests.ProspectTests.testRemoveProspectAndVerifyTheAvailability(ProspectTests.java:64)
at sun.reflect.NativeMethodAccessorImpl.invoke0(Native Method)
at sun.reflect.NativeMethodAccessorImpl.invoke(NativeMethodAccessorImpl.java:62)
at sun.reflect.DelegatingMethodAccessorImpl.invoke(DelegatingMethodAccessorImpl.java:43)
at java.lang.reflect.Method.invoke(Method.java:498)
at org.testng.internal.MethodInvocationHelper.invokeMethod(MethodInvocationHelper.java:124)
at org.testng.internal.Invoker.invokeMethod(Invoker.java:583)
at org.testng.internal.Invoker.invokeTestMethod(Invoker.java:719)
at org.testng.internal.Invoker.invokeTestMethods(Invoker.java:989)
at org.testng.internal.TestMethodWorker.invokeTestMethods(TestMethodWorker.java:125)
at org.testng.internal.TestMethodWorker.run(TestMethodWorker.java:109)
at org.testng.TestRunner.privateRun(TestRunner.java:648)
at org.testng.TestRunner.run(TestRunner.java:505)
at org.testng.SuiteRunner.runTest(SuiteRunner.java:455)
at org.testng.SuiteRunner.runSequentially(SuiteRunner.java:450)
at org.testng.SuiteRunner.privateRun(SuiteRunner.java:415)
at org.testng.SuiteRunner.run(SuiteRunner.java:364)
at org.testng.SuiteRunnerWorker.runSuite(SuiteRunnerWorker.java:52)
at org.testng.SuiteRunnerWorker.run(SuiteRunnerWorker.java:84)
at org.testng.TestNG.runSuitesSequentially(TestNG.java:1208)
at org.testng.TestNG.runSuitesLocally(TestNG.java:1137)
at org.testng.TestNG.runSuites(TestNG.java:1049)
at org.testng.TestNG.run(TestNG.java:1017)
at org.testng.remote.AbstractRemoteTestNG.run(AbstractRemoteTestNG.java:115)
at org.testng.remote.RemoteTestNG.initAndRun(RemoteTestNG.java:251)
at org.testng.remote.RemoteTestNG.main(RemoteTestNG.java:77)
]]>
            </full-stacktrace>
          </exception> <!-- java.lang.AssertionError -->
          <reporter-output>
          </reporter-output>
        </test-method> <!-- testRemoveProspectAndVerifyTheAvailability -->
        <test-method status="PASS" signature="testMethodCleanup()[pri:0, instance:com.hippo.tests.ProspectTests@239963d8]" name="testMethodCleanup" is-config="true" duration-ms="0" started-at="2019-09-11T20:56:33Z" finished-at="2019-09-11T20:56:33Z">
          <reporter-output>
          </reporter-output>
        </test-method> <!-- testMethodCleanup -->
        <test-method status="PASS" signature="classCleanup()[pri:0, instance:com.hippo.tests.ProspectTests@239963d8]" name="classCleanup" is-config="true" duration-ms="8492" started-at="2019-09-11T20:56:33Z" finished-at="2019-09-11T20:56:42Z">
          <reporter-output>
          </reporter-output>
        </test-method> <!-- classCleanup -->
        <test-method status="FAIL" signature="testCleanup()[pri:0, instance:com.hippo.tests.ProspectTests@239963d8]" name="testCleanup" is-config="true" duration-ms="3913" started-at="2019-09-11T20:56:42Z" finished-at="2019-09-11T20:56:46Z">
          <exception class="org.openqa.selenium.NoSuchSessionException">
            <message>
              <![CDATA[Tried to run command without establishing a connection
Build info: version: '3.141.59', revision: 'e82be7d358', time: '2018-11-14T08:25:53'
System info: host: '8c85907588a7.ant.amazon.com', ip: '192.168.1.5', os.name: 'Mac OS X', os.arch: 'x86_64', os.version: '10.14.6', java.version: '1.8.0_211'
Driver info: org.openqa.selenium.firefox.FirefoxDriver
Capabilities {acceptInsecureCerts: true, browserName: firefox, browserVersion: 68.1.0, javascriptEnabled: true, moz:accessibilityChecks: false, moz:buildID: 20190826132627, moz:geckodriverVersion: 0.25.0, moz:headless: false, moz:processID: 69132, moz:profile: /var/folders/t4/gxc84ljs373..., moz:shutdownTimeout: 60000, moz:useNonSpecCompliantPointerOrigin: false, moz:webdriverClick: true, pageLoadStrategy: normal, platform: MAC, platformName: MAC, platformVersion: 18.7.0, rotatable: false, setWindowRect: true, strictFileInteractability: false, timeouts: {implicit: 0, pageLoad: 300000, script: 30000}, unhandledPromptBehavior: dismiss and notify}
Session ID: aaa3b0d3-c4dd-6245-b44e-a4119068b11a]]>
            </message>
            <full-stacktrace>
              <![CDATA[org.openqa.selenium.NoSuchSessionException: Tried to run command without establishing a connection
Build info: version: '3.141.59', revision: 'e82be7d358', time: '2018-11-14T08:25:53'
System info: host: '8c85907588a7.ant.amazon.com', ip: '192.168.1.5', os.name: 'Mac OS X', os.arch: 'x86_64', os.version: '10.14.6', java.version: '1.8.0_211'
Driver info: org.openqa.selenium.firefox.FirefoxDriver
Capabilities {acceptInsecureCerts: true, browserName: firefox, browserVersion: 68.1.0, javascriptEnabled: true, moz:accessibilityChecks: false, moz:buildID: 20190826132627, moz:geckodriverVersion: 0.25.0, moz:headless: false, moz:processID: 69132, moz:profile: /var/folders/t4/gxc84ljs373..., moz:shutdownTimeout: 60000, moz:useNonSpecCompliantPointerOrigin: false, moz:webdriverClick: true, pageLoadStrategy: normal, platform: MAC, platformName: MAC, platformVersion: 18.7.0, rotatable: false, setWindowRect: true, strictFileInteractability: false, timeouts: {implicit: 0, pageLoad: 300000, script: 30000}, unhandledPromptBehavior: dismiss and notify}
Session ID: aaa3b0d3-c4dd-6245-b44e-a4119068b11a
at sun.reflect.NativeConstructorAccessorImpl.newInstance0(Native Method)
at sun.reflect.NativeConstructorAccessorImpl.newInstance(NativeConstructorAccessorImpl.java:62)
at sun.reflect.DelegatingConstructorAccessorImpl.newInstance(DelegatingConstructorAccessorImpl.java:45)
at java.lang.reflect.Constructor.newInstance(Constructor.java:423)
at org.openqa.selenium.remote.http.W3CHttpResponseCodec.createException(W3CHttpResponseCodec.java:187)
at org.openqa.selenium.remote.http.W3CHttpResponseCodec.decode(W3CHttpResponseCodec.java:122)
at org.openqa.selenium.remote.http.W3CHttpResponseCodec.decode(W3CHttpResponseCodec.java:49)
at org.openqa.selenium.remote.HttpCommandExecutor.execute(HttpCommandExecutor.java:158)
at org.openqa.selenium.remote.service.DriverCommandExecutor.execute(DriverCommandExecutor.java:83)
at org.openqa.selenium.remote.RemoteWebDriver.execute(RemoteWebDriver.java:552)
at org.openqa.selenium.remote.RemoteWebDriver.execute(RemoteWebDriver.java:609)
at org.openqa.selenium.remote.RemoteWebDriver.quit(RemoteWebDriver.java:452)
at com.hippo.base.TestBase.testCleanup(TestBase.java:79)
at sun.reflect.NativeMethodAccessorImpl.invoke0(Native Method)
at sun.reflect.NativeMethodAccessorImpl.invoke(NativeMethodAccessorImpl.java:62)
at sun.reflect.DelegatingMethodAccessorImpl.invoke(DelegatingMethodAccessorImpl.java:43)
at java.lang.reflect.Method.invoke(Method.java:498)
at org.testng.internal.MethodInvocationHelper.invokeMethod(MethodInvocationHelper.java:124)
at org.testng.internal.MethodInvocationHelper.invokeMethodConsideringTimeout(MethodInvocationHelper.java:59)
at org.testng.internal.Invoker.invokeConfigurationMethod(Invoker.java:458)
at org.testng.internal.Invoker.invokeConfigurations(Invoker.java:222)
at org.testng.internal.Invoker.invokeConfigurations(Invoker.java:142)
at org.testng.TestRunner.afterRun(TestRunner.java:725)
at org.testng.TestRunner.run(TestRunner.java:509)
at org.testng.SuiteRunner.runTest(SuiteRunner.java:455)
at org.testng.SuiteRunner.runSequentially(SuiteRunner.java:450)
at org.testng.SuiteRunner.privateRun(SuiteRunner.java:415)
at org.testng.SuiteRunner.run(SuiteRunner.java:364)
at org.testng.SuiteRunnerWorker.runSuite(SuiteRunnerWorker.java:52)
at org.testng.SuiteRunnerWorker.run(SuiteRunnerWorker.java:84)
at org.testng.TestNG.runSuitesSequentially(TestNG.java:1208)
at org.testng.TestNG.runSuitesLocally(TestNG.java:1137)
at org.testng.TestNG.runSuites(TestNG.java:1049)
at org.testng.TestNG.run(TestNG.java:1017)
at org.testng.remote.AbstractRemoteTestNG.run(AbstractRemoteTestNG.java:115)
at org.testng.remote.RemoteTestNG.initAndRun(RemoteTestNG.java:251)
at org.testng.remote.RemoteTestNG.main(RemoteTestNG.java:77)
]]>
            </full-stacktrace>
          </exception> <!-- org.openqa.selenium.NoSuchSessionException -->
          <reporter-output>
          </reporter-output>
        </test-method> <!-- testCleanup -->
      </class> <!-- com.hippo.tests.ProspectTests -->
    </test> <!-- Tests on Firefox browser -->
  </suite> <!-- Overall Tests - Prospects Page -->
</testng-results>
