<?xml version="1.0" encoding="UTF-8"?>
<!-- Generated by org.testng.reporters.JUnitXMLReporter -->
<testsuite hostname="8c85907588a7.ant.amazon.com" ignored="0" name="Tests on Firefox browser" tests="4" failures="1" timestamp="11 Sep 2019 20:57:16 GMT" time="78.19" errors="0">
  <testcase name="@AfterTest testCleanup" time="3.913" classname="com.hippo.base.TestBase">
    <failure type="org.openqa.selenium.NoSuchSessionException" message="Tried to run command without establishing a connection
Build info: version: &amp;apos;3.141.59&amp;apos;, revision: &amp;apos;e82be7d358&amp;apos;, time: &amp;apos;2018-11-14T08:25:53&amp;apos;
System info: host: &amp;apos;8c85907588a7.ant.amazon.com&amp;apos;, ip: &amp;apos;192.168.1.5&amp;apos;, os.name: &amp;apos;Mac OS X&amp;apos;, os.arch: &amp;apos;x86_64&amp;apos;, os.version: &amp;apos;10.14.6&amp;apos;, java.version: &amp;apos;1.8.0_211&amp;apos;
Driver info: org.openqa.selenium.firefox.FirefoxDriver
Capabilities {acceptInsecureCerts: true, browserName: firefox, browserVersion: 68.1.0, javascriptEnabled: true, moz:accessibilityChecks: false, moz:buildID: 20190826132627, moz:geckodriverVersion: 0.25.0, moz:headless: false, moz:processID: 69132, moz:profile: /var/folders/t4/gxc84ljs373..., moz:shutdownTimeout: 60000, moz:useNonSpecCompliantPointerOrigin: false, moz:webdriverClick: true, pageLoadStrategy: normal, platform: MAC, platformName: MAC, platformVersion: 18.7.0, rotatable: false, setWindowRect: true, strictFileInteractability: false, timeouts: {implicit: 0, pageLoad: 300000, script: 30000}, unhandledPromptBehavior: dismiss and notify}
Session ID: aaa3b0d3-c4dd-6245-b44e-a4119068b11a">
      <![CDATA[org.openqa.selenium.NoSuchSessionException: Tried to run command without establishing a connection
Build info: version: '3.141.59', revision: 'e82be7d358', time: '2018-11-14T08:25:53'
System info: host: '8c85907588a7.ant.amazon.com', ip: '192.168.1.5', os.name: 'Mac OS X', os.arch: 'x86_64', os.version: '10.14.6', java.version: '1.8.0_211'
Driver info: org.openqa.selenium.firefox.FirefoxDriver
Capabilities {acceptInsecureCerts: true, browserName: firefox, browserVersion: 68.1.0, javascriptEnabled: true, moz:accessibilityChecks: false, moz:buildID: 20190826132627, moz:geckodriverVersion: 0.25.0, moz:headless: false, moz:processID: 69132, moz:profile: /var/folders/t4/gxc84ljs373..., moz:shutdownTimeout: 60000, moz:useNonSpecCompliantPointerOrigin: false, moz:webdriverClick: true, pageLoadStrategy: normal, platform: MAC, platformName: MAC, platformVersion: 18.7.0, rotatable: false, setWindowRect: true, strictFileInteractability: false, timeouts: {implicit: 0, pageLoad: 300000, script: 30000}, unhandledPromptBehavior: dismiss and notify}
Session ID: aaa3b0d3-c4dd-6245-b44e-a4119068b11a
at org.openqa.selenium.remote.http.W3CHttpResponseCodec.createException(W3CHttpResponseCodec.java:187)
at org.openqa.selenium.remote.http.W3CHttpResponseCodec.decode(W3CHttpResponseCodec.java:122)
at org.openqa.selenium.remote.http.W3CHttpResponseCodec.decode(W3CHttpResponseCodec.java:49)
at org.openqa.selenium.remote.HttpCommandExecutor.execute(HttpCommandExecutor.java:158)
at org.openqa.selenium.remote.service.DriverCommandExecutor.execute(DriverCommandExecutor.java:83)
at org.openqa.selenium.remote.RemoteWebDriver.execute(RemoteWebDriver.java:552)
at org.openqa.selenium.remote.RemoteWebDriver.execute(RemoteWebDriver.java:609)
at org.openqa.selenium.remote.RemoteWebDriver.quit(RemoteWebDriver.java:452)
at com.hippo.base.TestBase.testCleanup(TestBase.java:79)
... Removed 28 stack frames]]>
    </failure>
  </testcase> <!-- @AfterTest testCleanup -->
  <testcase name="testAddProspect" time="2.219" classname="com.hippo.tests.ProspectTests"/>
  <testcase name="testAddProspectAndVerifyTheAvailability" time="2.172" classname="com.hippo.tests.ProspectTests"/>
  <testcase name="testRemoveProspect" time="2.97" classname="com.hippo.tests.ProspectTests"/>
  <testcase name="testRemoveProspectAndVerifyTheAvailability" time="3.07" classname="com.hippo.tests.ProspectTests">
    <failure type="java.lang.AssertionError" message="expected [false] but found [true]">
      <![CDATA[java.lang.AssertionError: expected [false] but found [true]
at com.hippo.helpers.AssertionHelperClass.assertFalse(AssertionHelperClass.java:42)
at com.hippo.tests.ProspectTests.testRemoveProspectAndVerifyTheAvailability(ProspectTests.java:64)
... Removed 29 stack frames]]>
    </failure>
  </testcase> <!-- testRemoveProspectAndVerifyTheAvailability -->
</testsuite> <!-- Tests on Firefox browser -->
