<?xml version="1.0" encoding="UTF-8"?>
<!-- Generated by org.testng.reporters.JUnitXMLReporter -->
<testsuite hostname="8c85907588a7.ant.amazon.com" ignored="0" name="Tests on Chrome browser" tests="4" failures="1" timestamp="11 Sep 2019 20:55:28 GMT" time="64.912" errors="0">
  <testcase name="testAddProspect" time="1.583" classname="com.hippo.tests.ProspectTests"/>
  <testcase name="testAddProspectAndVerifyTheAvailability" time="1.784" classname="com.hippo.tests.ProspectTests"/>
  <testcase name="testRemoveProspect" time="2.101" classname="com.hippo.tests.ProspectTests"/>
  <testcase name="testRemoveProspectAndVerifyTheAvailability" time="1.988" classname="com.hippo.tests.ProspectTests">
    <failure type="java.lang.AssertionError" message="expected [false] but found [true]">
      <![CDATA[java.lang.AssertionError: expected [false] but found [true]
at com.hippo.helpers.AssertionHelperClass.assertFalse(AssertionHelperClass.java:42)
at com.hippo.tests.ProspectTests.testRemoveProspectAndVerifyTheAvailability(ProspectTests.java:64)
... Removed 29 stack frames]]>
    </failure>
  </testcase> <!-- testRemoveProspectAndVerifyTheAvailability -->
</testsuite> <!-- Tests on Chrome browser -->
